TN:
SF:C:\Users\HP\Desktop\Project-Uno\src\config.js
FNF:0
FNH:0
DA:5,1
LF:1
LH:1
BRDA:2,0,0,1
BRDA:2,1,0,1
BRDA:2,1,1,1
BRDA:3,2,0,1
BRF:4
BRH:4
end_of_record
TN:
SF:C:\Users\HP\Desktop\Project-Uno\src\index.js
FN:19,(anonymous_0)
FNF:1
FNH:1
FNDA:1,(anonymous_0)
DA:7,1
DA:8,1
DA:14,1
DA:16,1
DA:17,1
DA:19,1
LF:6
LH:6
BRF:0
BRH:0
end_of_record
TN:
SF:C:\Users\HP\Desktop\Project-Uno\src\middleware.js
FN:4,(anonymous_0)
FN:20,(anonymous_1)
FNF:2
FNH:2
FNDA:1,(anonymous_0)
FNDA:1,(anonymous_1)
DA:4,1
DA:5,1
DA:7,1
DA:8,0
DA:13,1
DA:15,1
DA:18,1
DA:20,1
DA:21,1
DA:22,0
DA:27,1
DA:28,1
DA:31,0
LF:13
LH:10
BRDA:5,0,0,1
BRDA:5,0,1,1
BRDA:7,1,0,0
BRDA:7,1,1,1
BRDA:7,2,0,1
BRDA:7,2,1,1
BRDA:13,3,0,1
BRDA:13,3,1,0
BRDA:18,4,0,1
BRDA:18,4,1,0
BRDA:21,5,0,0
BRDA:21,5,1,1
BRF:12
BRH:8
end_of_record
TN:
SF:C:\Users\HP\Desktop\Project-Uno\src\controllers\authController.js
FN:7,(anonymous_0)
FN:14,(anonymous_1)
FN:16,(anonymous_2)
FN:46,(anonymous_3)
FNF:4
FNH:4
FNDA:1,(anonymous_0)
FNDA:2,(anonymous_1)
FNDA:2,(anonymous_2)
FNDA:1,(anonymous_3)
DA:8,1
DA:15,2
DA:16,2
DA:17,2
DA:18,1
DA:19,1
DA:22,1
DA:33,0
DA:39,1
DA:47,1
DA:50,1
DA:51,1
DA:61,1
DA:62,1
DA:65,1
LF:15
LH:14
BRDA:17,0,0,1
BRDA:17,0,1,1
BRDA:18,1,0,1
BRDA:18,1,1,0
BRF:4
BRH:3
end_of_record
TN:
SF:C:\Users\HP\Desktop\Project-Uno\src\controllers\propertyController.js
FN:4,(anonymous_0)
FN:11,(anonymous_1)
FN:42,(anonymous_2)
FN:44,(anonymous_3)
FN:58,(anonymous_4)
FN:60,(anonymous_5)
FN:75,(anonymous_6)
FN:77,(anonymous_7)
FN:84,(anonymous_8)
FNF:9
FNH:9
FNDA:2,(anonymous_0)
FNDA:1,(anonymous_1)
FNDA:1,(anonymous_2)
FNDA:1,(anonymous_3)
FNDA:1,(anonymous_4)
FNDA:1,(anonymous_5)
FNDA:1,(anonymous_6)
FNDA:1,(anonymous_7)
FNDA:1,(anonymous_8)
DA:5,2
DA:12,1
DA:15,1
DA:16,1
DA:27,1
DA:28,1
DA:43,1
DA:44,1
DA:45,1
DA:46,1
DA:47,1
DA:52,0
DA:59,1
DA:60,1
DA:61,1
DA:62,0
DA:67,1
DA:68,1
DA:76,1
DA:77,1
DA:78,1
DA:79,0
DA:84,1
DA:85,1
LF:24
LH:21
BRDA:45,0,0,1
BRDA:45,0,1,0
BRDA:61,1,0,0
BRDA:61,1,1,1
BRDA:78,2,0,0
BRDA:78,2,1,1
BRF:6
BRH:3
end_of_record
TN:
SF:C:\Users\HP\Desktop\Project-Uno\src\models\authModel.js
FNF:0
FNH:0
DA:1,1
LF:1
LH:1
BRF:0
BRH:0
end_of_record
TN:
SF:C:\Users\HP\Desktop\Project-Uno\src\models\propertyModel.js
FNF:0
FNH:0
DA:1,1
LF:1
LH:1
BRF:0
BRH:0
end_of_record
TN:
SF:C:\Users\HP\Desktop\Project-Uno\src\routes\auth.js
FNF:0
FNH:0
DA:4,1
DA:7,1
DA:9,1
DA:12,1
LF:4
LH:4
BRF:0
BRH:0
end_of_record
TN:
SF:C:\Users\HP\Desktop\Project-Uno\src\routes\property.js
FN:16,(anonymous_0)
FN:22,(anonymous_1)
FNF:2
FNH:0
FNDA:0,(anonymous_0)
FNDA:0,(anonymous_1)
DA:5,1
DA:8,1
DA:10,1
DA:12,1
DA:14,1
DA:16,1
DA:17,0
DA:20,1
DA:22,1
DA:23,0
LF:10
LH:8
BRF:0
BRH:0
end_of_record
